du: cannot access `/ifs/res/leukgen/local/opt/leukdc/data/analyses/07/39/50739/output': No such file or directory
du: cannot access `/ifs/res/leukgen/local/opt/leukdc/data/analyses/21/56/52156/output': No such file or directory
du: cannot access `/ifs/res/leukgen/local/opt/leukdc/data/analyses/44/46/54446/output': No such file or directory
du: cannot access `/ifs/res/leukgen/local/opt/leukdc/data/analyses/23/86/62386/output': No such file or directory
du: cannot access `/ifs/res/leukgen/local/opt/leukdc/data/analyses/24/01/62401/output': No such file or directory
du: cannot access `/ifs/res/leukgen/local/opt/leukdc/data/analyses/24/02/62402/output': No such file or directory
du: cannot access `/ifs/res/leukgen/local/opt/leukdc/data/analyses/24/03/62403/output': No such file or directory
du: cannot access `/ifs/res/leukgen/local/opt/leukdc/data/analyses/24/06/62406/output': No such file or directory
du: cannot access `/ifs/res/leukgen/local/opt/leukdc/data/analyses/24/11/62411/output': No such file or directory
du: cannot access `/ifs/res/leukgen/local/opt/leukdc/data/analyses/24/27/62427/output': No such file or directory
du: cannot access `/ifs/res/leukgen/local/opt/leukdc/data/analyses/24/28/62428/output': No such file or directory
du: cannot access `/ifs/res/leukgen/local/opt/leukdc/data/analyses/24/29/62429/output': No such file or directory
du: cannot access `/ifs/res/leukgen/local/opt/leukdc/data/analyses/24/30/62430/output': No such file or directory
du: cannot access `/ifs/res/leukgen/local/opt/leukdc/data/analyses/24/31/62431/output': No such file or directory
du: cannot access `/ifs/res/leukgen/local/opt/leukdc/data/analyses/24/32/62432/output': No such file or directory
du: cannot access `/ifs/res/leukgen/local/opt/leukdc/data/analyses/24/33/62433/output': No such file or directory
du: cannot access `/ifs/res/leukgen/local/opt/leukdc/data/analyses/24/34/62434/output': No such file or directory
du: cannot access `/ifs/res/leukgen/local/opt/leukdc/data/analyses/24/35/62435/output': No such file or directory
du: cannot access `/ifs/res/leukgen/local/opt/leukdc/data/analyses/24/36/62436/output': No such file or directory
du: cannot access `/ifs/res/leukgen/local/opt/leukdc/data/analyses/24/37/62437/output': No such file or directory
du: cannot access `/ifs/res/leukgen/local/opt/leukdc/data/analyses/24/38/62438/output': No such file or directory
du: cannot access `/ifs/res/leukgen/local/opt/leukdc/data/analyses/24/39/62439/output': No such file or directory
du: cannot access `/ifs/res/leukgen/local/opt/leukdc/data/analyses/24/40/62440/output': No such file or directory
du: cannot access `/ifs/res/leukgen/local/opt/leukdc/data/analyses/24/41/62441/output': No such file or directory
du: cannot access `/ifs/res/leukgen/local/opt/leukdc/data/analyses/24/42/62442/output': No such file or directory
du: cannot access `/ifs/res/leukgen/local/opt/leukdc/data/analyses/24/43/62443/output': No such file or directory
du: cannot access `/ifs/res/leukgen/local/opt/leukdc/data/analyses/24/44/62444/output': No such file or directory
du: cannot access `/ifs/res/leukgen/local/opt/leukdc/data/analyses/72/66/67266/output': No such file or directory
du: cannot access `/ifs/res/leukgen/local/opt/leukdc/data/analyses/72/67/67267/output': No such file or directory
du: cannot access `/ifs/res/leukgen/local/opt/leukdc/data/analyses/72/68/67268/output': No such file or directory
du: cannot access `/ifs/res/leukgen/local/opt/leukdc/data/analyses/72/69/67269/output': No such file or directory
du: cannot access `/ifs/res/leukgen/local/opt/leukdc/data/analyses/72/70/67270/output': No such file or directory
du: cannot access `/ifs/res/leukgen/local/opt/leukdc/data/analyses/72/71/67271/output': No such file or directory
du: cannot access `/ifs/res/leukgen/local/opt/leukdc/data/analyses/72/72/67272/output': No such file or directory
du: cannot access `/ifs/res/leukgen/local/opt/leukdc/data/analyses/72/73/67273/output': No such file or directory
du: cannot access `/ifs/res/leukgen/local/opt/leukdc/data/analyses/72/74/67274/output': No such file or directory
du: cannot access `/ifs/res/leukgen/local/opt/leukdc/data/analyses/72/75/67275/output': No such file or directory
du: cannot access `/ifs/res/leukgen/local/opt/leukdc/data/analyses/72/76/67276/output': No such file or directory
du: cannot access `/ifs/res/leukgen/local/opt/leukdc/data/analyses/72/77/67277/output': No such file or directory
du: cannot access `/ifs/res/leukgen/local/opt/leukdc/data/analyses/72/78/67278/output': No such file or directory
du: cannot access `/ifs/res/leukgen/local/opt/leukdc/data/analyses/72/79/67279/output': No such file or directory
du: cannot access `/ifs/res/leukgen/local/opt/leukdc/data/analyses/72/80/67280/output': No such file or directory
du: cannot access `/ifs/res/leukgen/local/opt/leukdc/data/analyses/72/81/67281/output': No such file or directory
du: cannot access `/ifs/res/leukgen/local/opt/leukdc/data/analyses/72/82/67282/output': No such file or directory
du: cannot access `/ifs/res/leukgen/local/opt/leukdc/data/analyses/72/83/67283/output': No such file or directory
du: cannot access `/ifs/res/leukgen/local/opt/leukdc/data/analyses/72/84/67284/output': No such file or directory
du: cannot access `/ifs/res/leukgen/local/opt/leukdc/data/analyses/72/85/67285/output': No such file or directory
du: cannot access `/ifs/res/leukgen/local/opt/leukdc/data/analyses/72/86/67286/output': No such file or directory
du: cannot access `/ifs/res/leukgen/local/opt/leukdc/data/analyses/72/87/67287/output': No such file or directory
du: cannot access `/ifs/res/leukgen/local/opt/leukdc/data/analyses/72/88/67288/output': No such file or directory
du: cannot access `/ifs/res/leukgen/local/opt/leukdc/data/analyses/72/89/67289/output': No such file or directory
du: cannot access `/ifs/res/leukgen/local/opt/leukdc/data/analyses/72/90/67290/output': No such file or directory
du: cannot access `/ifs/res/leukgen/local/opt/leukdc/data/analyses/98/86/69886/output': No such file or directory
du: cannot access `/ifs/res/leukgen/local/opt/leukdc/data/analyses/98/87/69887/output': No such file or directory
du: cannot access `/ifs/res/leukgen/local/opt/leukdc/data/analyses/98/88/69888/output': No such file or directory
du: cannot access `/ifs/res/leukgen/local/opt/leukdc/data/analyses/98/89/69889/output': No such file or directory
du: cannot access `/ifs/res/leukgen/local/opt/leukdc/data/analyses/98/90/69890/output': No such file or directory
du: cannot access `/ifs/res/leukgen/local/opt/leukdc/data/analyses/98/91/69891/output': No such file or directory
du: cannot access `/ifs/res/leukgen/local/opt/leukdc/data/analyses/98/92/69892/output': No such file or directory
du: cannot access `/ifs/res/leukgen/local/opt/leukdc/data/analyses/98/93/69893/output': No such file or directory
du: cannot access `/ifs/res/leukgen/local/opt/leukdc/data/analyses/98/94/69894/output': No such file or directory
du: cannot access `/ifs/res/leukgen/local/opt/leukdc/data/analyses/98/95/69895/output': No such file or directory
du: cannot access `/ifs/res/leukgen/local/opt/leukdc/data/analyses/98/96/69896/output': No such file or directory
du: cannot access `/ifs/res/leukgen/local/opt/leukdc/data/analyses/98/97/69897/output': No such file or directory
du: cannot access `/ifs/res/leukgen/local/opt/leukdc/data/analyses/98/98/69898/output': No such file or directory
du: cannot access `/ifs/res/leukgen/local/opt/leukdc/data/analyses/98/99/69899/output': No such file or directory
du: cannot access `/ifs/res/leukgen/local/opt/leukdc/data/analyses/99/00/69900/output': No such file or directory
du: cannot access `/ifs/res/leukgen/local/opt/leukdc/data/analyses/99/01/69901/output': No such file or directory
du: cannot access `/ifs/res/leukgen/local/opt/leukdc/data/analyses/99/02/69902/output': No such file or directory
du: cannot access `/ifs/res/leukgen/local/opt/leukdc/data/analyses/99/03/69903/output': No such file or directory
du: cannot access `/ifs/res/leukgen/local/opt/leukdc/data/analyses/99/04/69904/output': No such file or directory
du: cannot access `/ifs/res/leukgen/local/opt/leukdc/data/analyses/99/05/69905/output': No such file or directory
du: cannot access `/ifs/res/leukgen/local/opt/leukdc/data/analyses/99/06/69906/output': No such file or directory
du: cannot access `/ifs/res/leukgen/local/opt/leukdc/data/analyses/99/07/69907/output': No such file or directory
du: cannot access `/ifs/res/leukgen/local/opt/leukdc/data/analyses/99/08/69908/output': No such file or directory
du: cannot access `/ifs/res/leukgen/local/opt/leukdc/data/analyses/99/09/69909/output': No such file or directory
du: cannot access `/ifs/res/leukgen/local/opt/leukdc/data/analyses/99/10/69910/output': No such file or directory
Analysis 9303-BATTENBERG failed. Logs: /ifs/res/leukgen/local/opt/leukdc/data/analyses/93/03/9303/output/head_job.log. Error: [Errno 2] No such file or directory: '/ifs/res/leukgen/local/opt/leukdc/data/analyses/93/03/9303/output/head_job.log'
Analysis 9363-BATTENBERG failed. Logs: /ifs/res/leukgen/local/opt/leukdc/data/analyses/93/63/9363/output/head_job.log. Error: [Errno 2] No such file or directory: '/ifs/res/leukgen/local/opt/leukdc/data/analyses/93/63/9363/output/head_job.log'
Analysis 9364-BATTENBERG failed. Logs: /ifs/res/leukgen/local/opt/leukdc/data/analyses/93/64/9364/output/head_job.log. Error: [Errno 2] No such file or directory: '/ifs/res/leukgen/local/opt/leukdc/data/analyses/93/64/9364/output/head_job.log'
Analysis 9369-BATTENBERG failed. Logs: /ifs/res/leukgen/local/opt/leukdc/data/analyses/93/69/9369/output/head_job.log. Error: [Errno 2] No such file or directory: '/ifs/res/leukgen/local/opt/leukdc/data/analyses/93/69/9369/output/head_job.log'
Analysis 9434-BATTENBERG failed. Logs: /ifs/res/leukgen/local/opt/leukdc/data/analyses/94/34/9434/output/head_job.log. Error: [Errno 2] No such file or directory: '/ifs/res/leukgen/local/opt/leukdc/data/analyses/94/34/9434/output/head_job.log'
Analysis 9444-BATTENBERG failed. Logs: /ifs/res/leukgen/local/opt/leukdc/data/analyses/94/44/9444/output/head_job.log. Error: [Errno 2] No such file or directory: '/ifs/res/leukgen/local/opt/leukdc/data/analyses/94/44/9444/output/head_job.log'
Analysis 9445-BATTENBERG failed. Logs: /ifs/res/leukgen/local/opt/leukdc/data/analyses/94/45/9445/output/head_job.log. Error: [Errno 2] No such file or directory: '/ifs/res/leukgen/local/opt/leukdc/data/analyses/94/45/9445/output/head_job.log'
Analysis 9446-BATTENBERG failed. Logs: /ifs/res/leukgen/local/opt/leukdc/data/analyses/94/46/9446/output/head_job.log. Error: [Errno 2] No such file or directory: '/ifs/res/leukgen/local/opt/leukdc/data/analyses/94/46/9446/output/head_job.log'
Analysis 11035-BATTENBERG failed. Logs: /ifs/res/leukgen/local/opt/leukdc/data/analyses/10/35/11035/output/head_job.log. Error: [Errno 2] No such file or directory: '/ifs/res/leukgen/local/opt/leukdc/data/analyses/10/35/11035/output/head_job.log'
Analysis 11036-BATTENBERG failed. Logs: /ifs/res/leukgen/local/opt/leukdc/data/analyses/10/36/11036/output/head_job.log. Error: [Errno 2] No such file or directory: '/ifs/res/leukgen/local/opt/leukdc/data/analyses/10/36/11036/output/head_job.log'
Analysis 24611-BATTENBERG failed. Logs: /ifs/res/leukgen/local/opt/leukdc/data/analyses/46/11/24611/output/head_job.log. Error: [Errno 2] No such file or directory: '/ifs/res/leukgen/local/opt/leukdc/data/analyses/46/11/24611/output/head_job.log'
Analysis 24640-BATTENBERG failed. Logs: /ifs/res/leukgen/local/opt/leukdc/data/analyses/46/40/24640/output/head_job.log. Error: [Errno 2] No such file or directory: '/ifs/res/leukgen/local/opt/leukdc/data/analyses/46/40/24640/output/head_job.log'
Analysis 24641-BATTENBERG failed. Logs: /ifs/res/leukgen/local/opt/leukdc/data/analyses/46/41/24641/output/head_job.log. Error: [Errno 2] No such file or directory: '/ifs/res/leukgen/local/opt/leukdc/data/analyses/46/41/24641/output/head_job.log'
Analysis 24642-BATTENBERG failed. Logs: /ifs/res/leukgen/local/opt/leukdc/data/analyses/46/42/24642/output/head_job.log. Error: [Errno 2] No such file or directory: '/ifs/res/leukgen/local/opt/leukdc/data/analyses/46/42/24642/output/head_job.log'
Analysis 24643-BATTENBERG failed. Logs: /ifs/res/leukgen/local/opt/leukdc/data/analyses/46/43/24643/output/head_job.log. Error: [Errno 2] No such file or directory: '/ifs/res/leukgen/local/opt/leukdc/data/analyses/46/43/24643/output/head_job.log'
Analysis 24644-BATTENBERG failed. Logs: /ifs/res/leukgen/local/opt/leukdc/data/analyses/46/44/24644/output/head_job.log. Error: [Errno 2] No such file or directory: '/ifs/res/leukgen/local/opt/leukdc/data/analyses/46/44/24644/output/head_job.log'
Analysis 24647-BATTENBERG failed. Logs: /ifs/res/leukgen/local/opt/leukdc/data/analyses/46/47/24647/output/head_job.log. Error: [Errno 2] No such file or directory: '/ifs/res/leukgen/local/opt/leukdc/data/analyses/46/47/24647/output/head_job.log'
Analysis 24650-BATTENBERG failed. Logs: /ifs/res/leukgen/local/opt/leukdc/data/analyses/46/50/24650/output/head_job.log. Error: [Errno 2] No such file or directory: '/ifs/res/leukgen/local/opt/leukdc/data/analyses/46/50/24650/output/head_job.log'
Analysis 24651-BATTENBERG failed. Logs: /ifs/res/leukgen/local/opt/leukdc/data/analyses/46/51/24651/output/head_job.log. Error: [Errno 2] No such file or directory: '/ifs/res/leukgen/local/opt/leukdc/data/analyses/46/51/24651/output/head_job.log'
Analysis 24659-BATTENBERG failed. Logs: /ifs/res/leukgen/local/opt/leukdc/data/analyses/46/59/24659/output/head_job.log. Error: [Errno 2] No such file or directory: '/ifs/res/leukgen/local/opt/leukdc/data/analyses/46/59/24659/output/head_job.log'
Analysis 28655-BATTENBERG failed. Logs: /ifs/res/leukgen/local/opt/leukdc/data/analyses/86/55/28655/output/head_job.log. Error: [Errno 2] No such file or directory: '/ifs/res/leukgen/local/opt/leukdc/data/analyses/86/55/28655/output/head_job.log'
Analysis 36658-BATTENBERG failed. Logs: /ifs/res/leukgen/local/opt/leukdc/data/analyses/66/58/36658/output/head_job.log. Error: [Errno 2] No such file or directory: '/ifs/res/leukgen/local/opt/leukdc/data/analyses/66/58/36658/output/head_job.log'
Analysis 36659-BATTENBERG failed. Logs: /ifs/res/leukgen/local/opt/leukdc/data/analyses/66/59/36659/output/head_job.log. Error: [Errno 2] No such file or directory: '/ifs/res/leukgen/local/opt/leukdc/data/analyses/66/59/36659/output/head_job.log'
Analysis 36661-BATTENBERG failed. Logs: /ifs/res/leukgen/local/opt/leukdc/data/analyses/66/61/36661/output/head_job.log. Error: [Errno 2] No such file or directory: '/ifs/res/leukgen/local/opt/leukdc/data/analyses/66/61/36661/output/head_job.log'
Analysis 36664-BATTENBERG failed. Logs: /ifs/res/leukgen/local/opt/leukdc/data/analyses/66/64/36664/output/head_job.log. Error: [Errno 2] No such file or directory: '/ifs/res/leukgen/local/opt/leukdc/data/analyses/66/64/36664/output/head_job.log'
Analysis 36669-BATTENBERG failed. Logs: /ifs/res/leukgen/local/opt/leukdc/data/analyses/66/69/36669/output/head_job.log. Error: [Errno 2] No such file or directory: '/ifs/res/leukgen/local/opt/leukdc/data/analyses/66/69/36669/output/head_job.log'
Analysis 37446-BATTENBERG failed. Logs: /ifs/res/leukgen/local/opt/leukdc/data/analyses/74/46/37446/output/head_job.log. Error: [Errno 2] No such file or directory: '/ifs/res/leukgen/local/opt/leukdc/data/analyses/74/46/37446/output/head_job.log'
Analysis 37929-BATTENBERG failed. Logs: /ifs/res/leukgen/local/opt/leukdc/data/analyses/79/29/37929/output/head_job.log. Error: [Errno 2] No such file or directory: '/ifs/res/leukgen/local/opt/leukdc/data/analyses/79/29/37929/output/head_job.log'
Analysis 37930-BATTENBERG failed. Logs: /ifs/res/leukgen/local/opt/leukdc/data/analyses/79/30/37930/output/head_job.log. Error: [Errno 2] No such file or directory: '/ifs/res/leukgen/local/opt/leukdc/data/analyses/79/30/37930/output/head_job.log'
Analysis 37932-BATTENBERG failed. Logs: /ifs/res/leukgen/local/opt/leukdc/data/analyses/79/32/37932/output/head_job.log. Error: [Errno 2] No such file or directory: '/ifs/res/leukgen/local/opt/leukdc/data/analyses/79/32/37932/output/head_job.log'
Analysis 50739-BATTENBERG failed. Logs: /ifs/res/leukgen/local/opt/leukdc/data/analyses/07/39/50739/output/head_job.log. Error: Command '['du', '-s', '/ifs/res/leukgen/local/opt/leukdc/data/analyses/07/39/50739/output']' returned non-zero exit status 1.
Analysis 52156-BATTENBERG failed. Logs: /ifs/res/leukgen/local/opt/leukdc/data/analyses/21/56/52156/output/head_job.log. Error: Command '['du', '-s', '/ifs/res/leukgen/local/opt/leukdc/data/analyses/21/56/52156/output']' returned non-zero exit status 1.
Analysis 54446-BATTENBERG failed. Logs: /ifs/res/leukgen/local/opt/leukdc/data/analyses/44/46/54446/output/head_job.log. Error: Command '['du', '-s', '/ifs/res/leukgen/local/opt/leukdc/data/analyses/44/46/54446/output']' returned non-zero exit status 1.
Analysis 62386-BATTENBERG failed. Logs: /ifs/res/leukgen/local/opt/leukdc/data/analyses/23/86/62386/output/head_job.log. Error: Command '['du', '-s', '/ifs/res/leukgen/local/opt/leukdc/data/analyses/23/86/62386/output']' returned non-zero exit status 1.
Analysis 62401-BATTENBERG failed. Logs: /ifs/res/leukgen/local/opt/leukdc/data/analyses/24/01/62401/output/head_job.log. Error: Command '['du', '-s', '/ifs/res/leukgen/local/opt/leukdc/data/analyses/24/01/62401/output']' returned non-zero exit status 1.
Analysis 62402-BATTENBERG failed. Logs: /ifs/res/leukgen/local/opt/leukdc/data/analyses/24/02/62402/output/head_job.log. Error: Command '['du', '-s', '/ifs/res/leukgen/local/opt/leukdc/data/analyses/24/02/62402/output']' returned non-zero exit status 1.
Analysis 62403-BATTENBERG failed. Logs: /ifs/res/leukgen/local/opt/leukdc/data/analyses/24/03/62403/output/head_job.log. Error: Command '['du', '-s', '/ifs/res/leukgen/local/opt/leukdc/data/analyses/24/03/62403/output']' returned non-zero exit status 1.
Analysis 62406-BATTENBERG failed. Logs: /ifs/res/leukgen/local/opt/leukdc/data/analyses/24/06/62406/output/head_job.log. Error: Command '['du', '-s', '/ifs/res/leukgen/local/opt/leukdc/data/analyses/24/06/62406/output']' returned non-zero exit status 1.
Analysis 62411-BATTENBERG failed. Logs: /ifs/res/leukgen/local/opt/leukdc/data/analyses/24/11/62411/output/head_job.log. Error: Command '['du', '-s', '/ifs/res/leukgen/local/opt/leukdc/data/analyses/24/11/62411/output']' returned non-zero exit status 1.
Analysis 62427-BATTENBERG failed. Logs: /ifs/res/leukgen/local/opt/leukdc/data/analyses/24/27/62427/output/head_job.log. Error: Command '['du', '-s', '/ifs/res/leukgen/local/opt/leukdc/data/analyses/24/27/62427/output']' returned non-zero exit status 1.
Analysis 62428-BATTENBERG failed. Logs: /ifs/res/leukgen/local/opt/leukdc/data/analyses/24/28/62428/output/head_job.log. Error: Command '['du', '-s', '/ifs/res/leukgen/local/opt/leukdc/data/analyses/24/28/62428/output']' returned non-zero exit status 1.
Analysis 62429-BATTENBERG failed. Logs: /ifs/res/leukgen/local/opt/leukdc/data/analyses/24/29/62429/output/head_job.log. Error: Command '['du', '-s', '/ifs/res/leukgen/local/opt/leukdc/data/analyses/24/29/62429/output']' returned non-zero exit status 1.
Analysis 62430-BATTENBERG failed. Logs: /ifs/res/leukgen/local/opt/leukdc/data/analyses/24/30/62430/output/head_job.log. Error: Command '['du', '-s', '/ifs/res/leukgen/local/opt/leukdc/data/analyses/24/30/62430/output']' returned non-zero exit status 1.
Analysis 62431-BATTENBERG failed. Logs: /ifs/res/leukgen/local/opt/leukdc/data/analyses/24/31/62431/output/head_job.log. Error: Command '['du', '-s', '/ifs/res/leukgen/local/opt/leukdc/data/analyses/24/31/62431/output']' returned non-zero exit status 1.
Analysis 62432-BATTENBERG failed. Logs: /ifs/res/leukgen/local/opt/leukdc/data/analyses/24/32/62432/output/head_job.log. Error: Command '['du', '-s', '/ifs/res/leukgen/local/opt/leukdc/data/analyses/24/32/62432/output']' returned non-zero exit status 1.
Analysis 62433-BATTENBERG failed. Logs: /ifs/res/leukgen/local/opt/leukdc/data/analyses/24/33/62433/output/head_job.log. Error: Command '['du', '-s', '/ifs/res/leukgen/local/opt/leukdc/data/analyses/24/33/62433/output']' returned non-zero exit status 1.
Analysis 62434-BATTENBERG failed. Logs: /ifs/res/leukgen/local/opt/leukdc/data/analyses/24/34/62434/output/head_job.log. Error: Command '['du', '-s', '/ifs/res/leukgen/local/opt/leukdc/data/analyses/24/34/62434/output']' returned non-zero exit status 1.
Analysis 62435-BATTENBERG failed. Logs: /ifs/res/leukgen/local/opt/leukdc/data/analyses/24/35/62435/output/head_job.log. Error: Command '['du', '-s', '/ifs/res/leukgen/local/opt/leukdc/data/analyses/24/35/62435/output']' returned non-zero exit status 1.
Analysis 62436-BATTENBERG failed. Logs: /ifs/res/leukgen/local/opt/leukdc/data/analyses/24/36/62436/output/head_job.log. Error: Command '['du', '-s', '/ifs/res/leukgen/local/opt/leukdc/data/analyses/24/36/62436/output']' returned non-zero exit status 1.
Analysis 62437-BATTENBERG failed. Logs: /ifs/res/leukgen/local/opt/leukdc/data/analyses/24/37/62437/output/head_job.log. Error: Command '['du', '-s', '/ifs/res/leukgen/local/opt/leukdc/data/analyses/24/37/62437/output']' returned non-zero exit status 1.
Analysis 62438-BATTENBERG failed. Logs: /ifs/res/leukgen/local/opt/leukdc/data/analyses/24/38/62438/output/head_job.log. Error: Command '['du', '-s', '/ifs/res/leukgen/local/opt/leukdc/data/analyses/24/38/62438/output']' returned non-zero exit status 1.
Analysis 62439-BATTENBERG failed. Logs: /ifs/res/leukgen/local/opt/leukdc/data/analyses/24/39/62439/output/head_job.log. Error: Command '['du', '-s', '/ifs/res/leukgen/local/opt/leukdc/data/analyses/24/39/62439/output']' returned non-zero exit status 1.
Analysis 62440-BATTENBERG failed. Logs: /ifs/res/leukgen/local/opt/leukdc/data/analyses/24/40/62440/output/head_job.log. Error: Command '['du', '-s', '/ifs/res/leukgen/local/opt/leukdc/data/analyses/24/40/62440/output']' returned non-zero exit status 1.
Analysis 62441-BATTENBERG failed. Logs: /ifs/res/leukgen/local/opt/leukdc/data/analyses/24/41/62441/output/head_job.log. Error: Command '['du', '-s', '/ifs/res/leukgen/local/opt/leukdc/data/analyses/24/41/62441/output']' returned non-zero exit status 1.
Analysis 62442-BATTENBERG failed. Logs: /ifs/res/leukgen/local/opt/leukdc/data/analyses/24/42/62442/output/head_job.log. Error: Command '['du', '-s', '/ifs/res/leukgen/local/opt/leukdc/data/analyses/24/42/62442/output']' returned non-zero exit status 1.
Analysis 62443-BATTENBERG failed. Logs: /ifs/res/leukgen/local/opt/leukdc/data/analyses/24/43/62443/output/head_job.log. Error: Command '['du', '-s', '/ifs/res/leukgen/local/opt/leukdc/data/analyses/24/43/62443/output']' returned non-zero exit status 1.
Analysis 62444-BATTENBERG failed. Logs: /ifs/res/leukgen/local/opt/leukdc/data/analyses/24/44/62444/output/head_job.log. Error: Command '['du', '-s', '/ifs/res/leukgen/local/opt/leukdc/data/analyses/24/44/62444/output']' returned non-zero exit status 1.
Analysis 67266-BATTENBERG failed. Logs: /ifs/res/leukgen/local/opt/leukdc/data/analyses/72/66/67266/output/head_job.log. Error: Command '['du', '-s', '/ifs/res/leukgen/local/opt/leukdc/data/analyses/72/66/67266/output']' returned non-zero exit status 1.
Analysis 67267-BATTENBERG failed. Logs: /ifs/res/leukgen/local/opt/leukdc/data/analyses/72/67/67267/output/head_job.log. Error: Command '['du', '-s', '/ifs/res/leukgen/local/opt/leukdc/data/analyses/72/67/67267/output']' returned non-zero exit status 1.
Analysis 67268-BATTENBERG failed. Logs: /ifs/res/leukgen/local/opt/leukdc/data/analyses/72/68/67268/output/head_job.log. Error: Command '['du', '-s', '/ifs/res/leukgen/local/opt/leukdc/data/analyses/72/68/67268/output']' returned non-zero exit status 1.
Analysis 67269-BATTENBERG failed. Logs: /ifs/res/leukgen/local/opt/leukdc/data/analyses/72/69/67269/output/head_job.log. Error: Command '['du', '-s', '/ifs/res/leukgen/local/opt/leukdc/data/analyses/72/69/67269/output']' returned non-zero exit status 1.
Analysis 67270-BATTENBERG failed. Logs: /ifs/res/leukgen/local/opt/leukdc/data/analyses/72/70/67270/output/head_job.log. Error: Command '['du', '-s', '/ifs/res/leukgen/local/opt/leukdc/data/analyses/72/70/67270/output']' returned non-zero exit status 1.
Analysis 67271-BATTENBERG failed. Logs: /ifs/res/leukgen/local/opt/leukdc/data/analyses/72/71/67271/output/head_job.log. Error: Command '['du', '-s', '/ifs/res/leukgen/local/opt/leukdc/data/analyses/72/71/67271/output']' returned non-zero exit status 1.
Analysis 67272-BATTENBERG failed. Logs: /ifs/res/leukgen/local/opt/leukdc/data/analyses/72/72/67272/output/head_job.log. Error: Command '['du', '-s', '/ifs/res/leukgen/local/opt/leukdc/data/analyses/72/72/67272/output']' returned non-zero exit status 1.
Analysis 67273-BATTENBERG failed. Logs: /ifs/res/leukgen/local/opt/leukdc/data/analyses/72/73/67273/output/head_job.log. Error: Command '['du', '-s', '/ifs/res/leukgen/local/opt/leukdc/data/analyses/72/73/67273/output']' returned non-zero exit status 1.
Analysis 67274-BATTENBERG failed. Logs: /ifs/res/leukgen/local/opt/leukdc/data/analyses/72/74/67274/output/head_job.log. Error: Command '['du', '-s', '/ifs/res/leukgen/local/opt/leukdc/data/analyses/72/74/67274/output']' returned non-zero exit status 1.
Analysis 67275-BATTENBERG failed. Logs: /ifs/res/leukgen/local/opt/leukdc/data/analyses/72/75/67275/output/head_job.log. Error: Command '['du', '-s', '/ifs/res/leukgen/local/opt/leukdc/data/analyses/72/75/67275/output']' returned non-zero exit status 1.
Analysis 67276-BATTENBERG failed. Logs: /ifs/res/leukgen/local/opt/leukdc/data/analyses/72/76/67276/output/head_job.log. Error: Command '['du', '-s', '/ifs/res/leukgen/local/opt/leukdc/data/analyses/72/76/67276/output']' returned non-zero exit status 1.
Analysis 67277-BATTENBERG failed. Logs: /ifs/res/leukgen/local/opt/leukdc/data/analyses/72/77/67277/output/head_job.log. Error: Command '['du', '-s', '/ifs/res/leukgen/local/opt/leukdc/data/analyses/72/77/67277/output']' returned non-zero exit status 1.
Analysis 67278-BATTENBERG failed. Logs: /ifs/res/leukgen/local/opt/leukdc/data/analyses/72/78/67278/output/head_job.log. Error: Command '['du', '-s', '/ifs/res/leukgen/local/opt/leukdc/data/analyses/72/78/67278/output']' returned non-zero exit status 1.
Analysis 67279-BATTENBERG failed. Logs: /ifs/res/leukgen/local/opt/leukdc/data/analyses/72/79/67279/output/head_job.log. Error: Command '['du', '-s', '/ifs/res/leukgen/local/opt/leukdc/data/analyses/72/79/67279/output']' returned non-zero exit status 1.
Analysis 67280-BATTENBERG failed. Logs: /ifs/res/leukgen/local/opt/leukdc/data/analyses/72/80/67280/output/head_job.log. Error: Command '['du', '-s', '/ifs/res/leukgen/local/opt/leukdc/data/analyses/72/80/67280/output']' returned non-zero exit status 1.
Analysis 67281-BATTENBERG failed. Logs: /ifs/res/leukgen/local/opt/leukdc/data/analyses/72/81/67281/output/head_job.log. Error: Command '['du', '-s', '/ifs/res/leukgen/local/opt/leukdc/data/analyses/72/81/67281/output']' returned non-zero exit status 1.
Analysis 67282-BATTENBERG failed. Logs: /ifs/res/leukgen/local/opt/leukdc/data/analyses/72/82/67282/output/head_job.log. Error: Command '['du', '-s', '/ifs/res/leukgen/local/opt/leukdc/data/analyses/72/82/67282/output']' returned non-zero exit status 1.
Analysis 67283-BATTENBERG failed. Logs: /ifs/res/leukgen/local/opt/leukdc/data/analyses/72/83/67283/output/head_job.log. Error: Command '['du', '-s', '/ifs/res/leukgen/local/opt/leukdc/data/analyses/72/83/67283/output']' returned non-zero exit status 1.
Analysis 67284-BATTENBERG failed. Logs: /ifs/res/leukgen/local/opt/leukdc/data/analyses/72/84/67284/output/head_job.log. Error: Command '['du', '-s', '/ifs/res/leukgen/local/opt/leukdc/data/analyses/72/84/67284/output']' returned non-zero exit status 1.
Analysis 67285-BATTENBERG failed. Logs: /ifs/res/leukgen/local/opt/leukdc/data/analyses/72/85/67285/output/head_job.log. Error: Command '['du', '-s', '/ifs/res/leukgen/local/opt/leukdc/data/analyses/72/85/67285/output']' returned non-zero exit status 1.
Analysis 67286-BATTENBERG failed. Logs: /ifs/res/leukgen/local/opt/leukdc/data/analyses/72/86/67286/output/head_job.log. Error: Command '['du', '-s', '/ifs/res/leukgen/local/opt/leukdc/data/analyses/72/86/67286/output']' returned non-zero exit status 1.
Analysis 67287-BATTENBERG failed. Logs: /ifs/res/leukgen/local/opt/leukdc/data/analyses/72/87/67287/output/head_job.log. Error: Command '['du', '-s', '/ifs/res/leukgen/local/opt/leukdc/data/analyses/72/87/67287/output']' returned non-zero exit status 1.
Analysis 67288-BATTENBERG failed. Logs: /ifs/res/leukgen/local/opt/leukdc/data/analyses/72/88/67288/output/head_job.log. Error: Command '['du', '-s', '/ifs/res/leukgen/local/opt/leukdc/data/analyses/72/88/67288/output']' returned non-zero exit status 1.
Analysis 67289-BATTENBERG failed. Logs: /ifs/res/leukgen/local/opt/leukdc/data/analyses/72/89/67289/output/head_job.log. Error: Command '['du', '-s', '/ifs/res/leukgen/local/opt/leukdc/data/analyses/72/89/67289/output']' returned non-zero exit status 1.
Analysis 67290-BATTENBERG failed. Logs: /ifs/res/leukgen/local/opt/leukdc/data/analyses/72/90/67290/output/head_job.log. Error: Command '['du', '-s', '/ifs/res/leukgen/local/opt/leukdc/data/analyses/72/90/67290/output']' returned non-zero exit status 1.
Analysis 69886-BATTENBERG failed. Logs: /ifs/res/leukgen/local/opt/leukdc/data/analyses/98/86/69886/output/head_job.log. Error: Command '['du', '-s', '/ifs/res/leukgen/local/opt/leukdc/data/analyses/98/86/69886/output']' returned non-zero exit status 1.
Analysis 69887-BATTENBERG failed. Logs: /ifs/res/leukgen/local/opt/leukdc/data/analyses/98/87/69887/output/head_job.log. Error: Command '['du', '-s', '/ifs/res/leukgen/local/opt/leukdc/data/analyses/98/87/69887/output']' returned non-zero exit status 1.
Analysis 69888-BATTENBERG failed. Logs: /ifs/res/leukgen/local/opt/leukdc/data/analyses/98/88/69888/output/head_job.log. Error: Command '['du', '-s', '/ifs/res/leukgen/local/opt/leukdc/data/analyses/98/88/69888/output']' returned non-zero exit status 1.
Analysis 69889-BATTENBERG failed. Logs: /ifs/res/leukgen/local/opt/leukdc/data/analyses/98/89/69889/output/head_job.log. Error: Command '['du', '-s', '/ifs/res/leukgen/local/opt/leukdc/data/analyses/98/89/69889/output']' returned non-zero exit status 1.
Analysis 69890-BATTENBERG failed. Logs: /ifs/res/leukgen/local/opt/leukdc/data/analyses/98/90/69890/output/head_job.log. Error: Command '['du', '-s', '/ifs/res/leukgen/local/opt/leukdc/data/analyses/98/90/69890/output']' returned non-zero exit status 1.
Analysis 69891-BATTENBERG failed. Logs: /ifs/res/leukgen/local/opt/leukdc/data/analyses/98/91/69891/output/head_job.log. Error: Command '['du', '-s', '/ifs/res/leukgen/local/opt/leukdc/data/analyses/98/91/69891/output']' returned non-zero exit status 1.
Analysis 69892-BATTENBERG failed. Logs: /ifs/res/leukgen/local/opt/leukdc/data/analyses/98/92/69892/output/head_job.log. Error: Command '['du', '-s', '/ifs/res/leukgen/local/opt/leukdc/data/analyses/98/92/69892/output']' returned non-zero exit status 1.
Analysis 69893-BATTENBERG failed. Logs: /ifs/res/leukgen/local/opt/leukdc/data/analyses/98/93/69893/output/head_job.log. Error: Command '['du', '-s', '/ifs/res/leukgen/local/opt/leukdc/data/analyses/98/93/69893/output']' returned non-zero exit status 1.
Analysis 69894-BATTENBERG failed. Logs: /ifs/res/leukgen/local/opt/leukdc/data/analyses/98/94/69894/output/head_job.log. Error: Command '['du', '-s', '/ifs/res/leukgen/local/opt/leukdc/data/analyses/98/94/69894/output']' returned non-zero exit status 1.
Analysis 69895-BATTENBERG failed. Logs: /ifs/res/leukgen/local/opt/leukdc/data/analyses/98/95/69895/output/head_job.log. Error: Command '['du', '-s', '/ifs/res/leukgen/local/opt/leukdc/data/analyses/98/95/69895/output']' returned non-zero exit status 1.
Analysis 69896-BATTENBERG failed. Logs: /ifs/res/leukgen/local/opt/leukdc/data/analyses/98/96/69896/output/head_job.log. Error: Command '['du', '-s', '/ifs/res/leukgen/local/opt/leukdc/data/analyses/98/96/69896/output']' returned non-zero exit status 1.
Analysis 69897-BATTENBERG failed. Logs: /ifs/res/leukgen/local/opt/leukdc/data/analyses/98/97/69897/output/head_job.log. Error: Command '['du', '-s', '/ifs/res/leukgen/local/opt/leukdc/data/analyses/98/97/69897/output']' returned non-zero exit status 1.
Analysis 69898-BATTENBERG failed. Logs: /ifs/res/leukgen/local/opt/leukdc/data/analyses/98/98/69898/output/head_job.log. Error: Command '['du', '-s', '/ifs/res/leukgen/local/opt/leukdc/data/analyses/98/98/69898/output']' returned non-zero exit status 1.
Analysis 69899-BATTENBERG failed. Logs: /ifs/res/leukgen/local/opt/leukdc/data/analyses/98/99/69899/output/head_job.log. Error: Command '['du', '-s', '/ifs/res/leukgen/local/opt/leukdc/data/analyses/98/99/69899/output']' returned non-zero exit status 1.
Analysis 69900-BATTENBERG failed. Logs: /ifs/res/leukgen/local/opt/leukdc/data/analyses/99/00/69900/output/head_job.log. Error: Command '['du', '-s', '/ifs/res/leukgen/local/opt/leukdc/data/analyses/99/00/69900/output']' returned non-zero exit status 1.
Analysis 69901-BATTENBERG failed. Logs: /ifs/res/leukgen/local/opt/leukdc/data/analyses/99/01/69901/output/head_job.log. Error: Command '['du', '-s', '/ifs/res/leukgen/local/opt/leukdc/data/analyses/99/01/69901/output']' returned non-zero exit status 1.
Analysis 69902-BATTENBERG failed. Logs: /ifs/res/leukgen/local/opt/leukdc/data/analyses/99/02/69902/output/head_job.log. Error: Command '['du', '-s', '/ifs/res/leukgen/local/opt/leukdc/data/analyses/99/02/69902/output']' returned non-zero exit status 1.
Analysis 69903-BATTENBERG failed. Logs: /ifs/res/leukgen/local/opt/leukdc/data/analyses/99/03/69903/output/head_job.log. Error: Command '['du', '-s', '/ifs/res/leukgen/local/opt/leukdc/data/analyses/99/03/69903/output']' returned non-zero exit status 1.
Analysis 69904-BATTENBERG failed. Logs: /ifs/res/leukgen/local/opt/leukdc/data/analyses/99/04/69904/output/head_job.log. Error: Command '['du', '-s', '/ifs/res/leukgen/local/opt/leukdc/data/analyses/99/04/69904/output']' returned non-zero exit status 1.
Analysis 69905-BATTENBERG failed. Logs: /ifs/res/leukgen/local/opt/leukdc/data/analyses/99/05/69905/output/head_job.log. Error: Command '['du', '-s', '/ifs/res/leukgen/local/opt/leukdc/data/analyses/99/05/69905/output']' returned non-zero exit status 1.
Analysis 69906-BATTENBERG failed. Logs: /ifs/res/leukgen/local/opt/leukdc/data/analyses/99/06/69906/output/head_job.log. Error: Command '['du', '-s', '/ifs/res/leukgen/local/opt/leukdc/data/analyses/99/06/69906/output']' returned non-zero exit status 1.
Analysis 69907-BATTENBERG failed. Logs: /ifs/res/leukgen/local/opt/leukdc/data/analyses/99/07/69907/output/head_job.log. Error: Command '['du', '-s', '/ifs/res/leukgen/local/opt/leukdc/data/analyses/99/07/69907/output']' returned non-zero exit status 1.
Analysis 69908-BATTENBERG failed. Logs: /ifs/res/leukgen/local/opt/leukdc/data/analyses/99/08/69908/output/head_job.log. Error: Command '['du', '-s', '/ifs/res/leukgen/local/opt/leukdc/data/analyses/99/08/69908/output']' returned non-zero exit status 1.
Analysis 69909-BATTENBERG failed. Logs: /ifs/res/leukgen/local/opt/leukdc/data/analyses/99/09/69909/output/head_job.log. Error: Command '['du', '-s', '/ifs/res/leukgen/local/opt/leukdc/data/analyses/99/09/69909/output']' returned non-zero exit status 1.
Analysis 69910-BATTENBERG failed. Logs: /ifs/res/leukgen/local/opt/leukdc/data/analyses/99/10/69910/output/head_job.log. Error: Command '['du', '-s', '/ifs/res/leukgen/local/opt/leukdc/data/analyses/99/10/69910/output']' returned non-zero exit status 1.

------------------------------------------------------------
Sender: LSF System <lsfadmin@s10>
Subject: Job 17703738: <python job_head_collection.py 1> in cluster <solar> Done

Job <python job_head_collection.py 1> was submitted from host <selene> by user <arangooj> in cluster <solar>.
Job was executed on host(s) <8*s10>, in queue <sol>, as user <arangooj> in cluster <solar>.
</home/arangooj> was used as the home directory.
</ifs/work/leukgen/home/arangooj/repos/analysis_metrics> was used as the working directory.
Started at Mon Mar  5 12:48:02 2018
Results reported on Mon Mar  5 12:50:01 2018

Your job looked like:

------------------------------------------------------------
# LSBATCH: User input
python job_head_collection.py 1
------------------------------------------------------------

Successfully completed.

Resource usage summary:

    CPU time :                                   14.80 sec.
    Total Requested Memory :                     256.00 GB
    Delta Memory :                               -
    Max Swap :                                   1 GB
    Max Processes :                              3
    Max Threads :                                35
    Run time :                                   119 sec.
    Turnaround time :                            150 sec.

The output (if any) is above this job summary.

